2025-08-26 01:16:26,686 - __main__ - INFO - Starting Dual-Agent RL UAV System
2025-08-26 01:16:26,686 - __main__ - INFO - Starting tactical agent training...
2025-08-26 01:16:33,488 - __main__ - ERROR - Tactical training failed: can only concatenate tuple (not "list") to tuple
2025-08-26 01:16:33,488 - __main__ - ERROR - Operation failed: can only concatenate tuple (not "list") to tuple
2025-08-26 01:16:40,946 - __main__ - INFO - Starting Dual-Agent RL UAV System
2025-08-26 01:16:40,946 - __main__ - INFO - Starting tactical agent training...
2025-08-26 01:16:44,042 - __main__ - ERROR - Tactical training failed: can only concatenate tuple (not "list") to tuple
2025-08-26 01:16:44,044 - __main__ - ERROR - Operation failed: can only concatenate tuple (not "list") to tuple
2025-08-26 01:17:02,786 - __main__ - INFO - Starting Dual-Agent RL UAV System
2025-08-26 01:17:02,788 - __main__ - INFO - Starting tactical agent training...
2025-08-26 01:17:05,099 - __main__ - ERROR - Tactical training failed: can only concatenate tuple (not "list") to tuple
2025-08-26 01:17:05,100 - __main__ - ERROR - Operation failed: can only concatenate tuple (not "list") to tuple
2025-08-26 01:17:14,248 - __main__ - INFO - Starting Dual-Agent RL UAV System
2025-08-26 01:17:14,248 - __main__ - INFO - Starting strategic agent training...
2025-08-26 01:17:14,436 - __main__ - ERROR - Strategic training failed: cannot import name 'setup_reproducibility' from 'utils.reproducibility' (C:\Users\burak\Desktop\RL\utils\reproducibility.py)
2025-08-26 01:17:14,436 - __main__ - ERROR - Operation failed: cannot import name 'setup_reproducibility' from 'utils.reproducibility' (C:\Users\burak\Desktop\RL\utils\reproducibility.py)
2025-08-26 01:17:22,538 - __main__ - INFO - Starting Dual-Agent RL UAV System
2025-08-26 01:17:22,538 - __main__ - INFO - Starting tactical agent training...
2025-08-26 01:17:25,206 - __main__ - ERROR - Tactical training failed: can only concatenate tuple (not "list") to tuple
2025-08-26 01:17:25,206 - __main__ - ERROR - Operation failed: can only concatenate tuple (not "list") to tuple
2025-08-26 01:17:25,764 - __main__ - INFO - Starting Dual-Agent RL UAV System
2025-08-26 01:17:25,764 - __main__ - INFO - Starting strategic agent training...
2025-08-26 01:17:25,970 - __main__ - ERROR - Strategic training failed: cannot import name 'setup_reproducibility' from 'utils.reproducibility' (C:\Users\burak\Desktop\RL\utils\reproducibility.py)
2025-08-26 01:17:25,970 - __main__ - ERROR - Operation failed: cannot import name 'setup_reproducibility' from 'utils.reproducibility' (C:\Users\burak\Desktop\RL\utils\reproducibility.py)
2025-08-26 01:17:27,986 - __main__ - INFO - Starting Dual-Agent RL UAV System
2025-08-26 01:17:27,986 - __main__ - INFO - Starting tactical agent training...
2025-08-26 01:17:30,142 - __main__ - ERROR - Tactical training failed: can only concatenate tuple (not "list") to tuple
2025-08-26 01:17:30,142 - __main__ - ERROR - Operation failed: can only concatenate tuple (not "list") to tuple
2025-08-26 02:32:08,592 - __main__ - INFO - Starting Dual-Agent RL UAV System
2025-08-26 02:32:08,593 - __main__ - INFO - Starting tactical agent training...
2025-08-26 02:32:09,425 - __main__ - INFO - Training for 1000 episodes...
2025-08-26 02:32:09,427 - __main__ - ERROR - Tactical training failed: 'QLearningAgent' object has no attribute 'update_q_value'
2025-08-26 02:32:09,427 - __main__ - ERROR - Operation failed: 'QLearningAgent' object has no attribute 'update_q_value'
2025-08-26 02:32:26,908 - __main__ - INFO - Starting Dual-Agent RL UAV System
2025-08-26 02:32:26,908 - __main__ - INFO - Starting tactical agent training...
2025-08-26 02:32:27,287 - __main__ - INFO - Training for 100 episodes...
2025-08-26 02:32:27,288 - __main__ - ERROR - Tactical training failed: 'QLearningAgent' object has no attribute 'update_q_value'
2025-08-26 02:32:27,288 - __main__ - ERROR - Operation failed: 'QLearningAgent' object has no attribute 'update_q_value'
